#
# There is insufficient memory for the Java Runtime Environment to continue.
# Native memory allocation (mmap) failed to map 268435456 bytes for Failed to commit area from 0x0000000701e00000 to 0x0000000711e00000 of length 268435456.
# Possible reasons:
#   The system is out of physical RAM or swap space
#   The process is running with CompressedOops enabled, and the Java Heap may be blocking the growth of the native heap
# Possible solutions:
#   Reduce memory load on the system
#   Increase physical memory or swap space
#   Check if swap backing store is full
#   Decrease Java heap size (-Xmx/-Xms)
#   Decrease number of Java threads
#   Decrease Java thread stack sizes (-Xss)
#   Set larger code cache with -XX:ReservedCodeCacheSize=
# This output file may be truncated or incomplete.
#
#  Out of Memory Error (./src/hotspot/os/windows/os_windows.cpp:3511), pid=16984, tid=8616
#
# JRE version:  (11.0.11+9) (build )
# Java VM: OpenJDK 64-Bit Server VM (11.0.11+9-b1504.13, mixed mode, sharing, tiered, compressed oops, g1 gc, windows-amd64)
# No core dump will be written. Minidumps are not enabled by default on client versions of Windows
#

---------------  S U M M A R Y ------------

Command Line: git4idea.http.GitAskPassApp Username for 'https://github.com': 

Host: Intel(R) Core(TM) i5-5300U CPU @ 2.30GHz, 4 cores, 15G,  Windows 10 , 64 bit Build 19041 (10.0.19041.1348)
Time: Fri Nov 19 20:19:28 2021 Central Normalzeit elapsed time: 0.017768 seconds (0d 0h 0m 0s)

---------------  T H R E A D  ---------------

Current thread (0x00000219794fb800):  JavaThread "Unknown thread" [_thread_in_vm, id=8616, stack(0x0000007ba0200000,0x0000007ba0300000)]

Stack: [0x0000007ba0200000,0x0000007ba0300000]
Native frames: (J=compiled Java code, j=interpreted, Vv=VM code, C=native code)
V  [jvm.dll+0x5f5d5a]
V  [jvm.dll+0x7798b5]
V  [jvm.dll+0x77aecd]
V  [jvm.dll+0x77b583]
V  [jvm.dll+0x244978]
V  [jvm.dll+0x5f3174]
V  [jvm.dll+0x5e7d55]
V  [jvm.dll+0x30068b]
V  [jvm.dll+0x3005fa]
V  [jvm.dll+0x3004d2]
V  [jvm.dll+0x3053c6]
V  [jvm.dll+0x34e0a3]
V  [jvm.dll+0x34e7a6]
V  [jvm.dll+0x34e1a3]
V  [jvm.dll+0x2db0c8]
V  [jvm.dll+0x2dc267]
V  [jvm.dll+0x758057]
V  [jvm.dll+0x75984c]
V  [jvm.dll+0x35b659]
V  [jvm.dll+0x73b67e]
V  [jvm.dll+0x3c39f3]
V  [jvm.dll+0x3c5dd1]
C  [jli.dll+0x5373]
C  [ucrtbase.dll+0x21bb2]
C  [KERNEL32.DLL+0x17034]
C  [ntdll.dll+0x52651]


---------------  P R O C E S S  ---------------

Threads class SMR info:
_java_thread_list=0x0000021977352af0, length=0, elements={
}

Java Threads: ( => current thread )

Other Threads:
  0x0000021979513800 GCTaskThread "GC Thread#0" [stack: 0x0000007ba0300000,0x0000007ba0400000] [id=2076]
  0x0000021979575000 ConcurrentGCThread "G1 Main Marker" [stack: 0x0000007ba0400000,0x0000007ba0500000] [id=9640]
  0x0000021979577800 ConcurrentGCThread "G1 Conc#0" [stack: 0x0000007ba0500000,0x0000007ba0600000] [id=16784]

[error occurred during error reporting (printing all threads), id 0xc0000005, EXCEPTION_ACCESS_VIOLATION (0xc0000005) at pc=0x00007ffabefab8f7]

VM state:not at safepoint (not fully initialized)

VM Mutex/Monitor currently owned by a thread:  ([mutex/lock_event])
[0x00000219794f76b0] Heap_lock - owner thread: 0x00000219794fb800

Heap address: 0x0000000701e00000, size: 4066 MB, Compressed Oops mode: Non-zero based: 0x0000000701e00000
Narrow klass base: 0x0000000000000000, Narrow klass shift: 0

GC Heap History (0 events):
No events

Deoptimization events (0 events):
No events

Classes redefined (0 events):
No events

Internal exceptions (0 events):
No events

Events (1 events):
Event: 0.012 Loaded shared library C:\Program Files\JetBrains\RubyMine 2021.2\jbr\bin\zip.dll


Dynamic libraries:
0x00007ff621130000 - 0x00007ff62113a000 	C:\Program Files\JetBrains\RubyMine 2021.2\jbr\bin\java.exe
0x00007ffb14d70000 - 0x00007ffb14f65000 	C:\WINDOWS\SYSTEM32\ntdll.dll
0x00007ffb12d90000 - 0x00007ffb12e4e000 	C:\WINDOWS\System32\KERNEL32.DLL
0x00007ffb12920000 - 0x00007ffb12be8000 	C:\WINDOWS\System32\KERNELBASE.dll
0x00007ffb12c90000 - 0x00007ffb12d90000 	C:\WINDOWS\System32\ucrtbase.dll
0x00007ffb0b4c0000 - 0x00007ffb0b4d9000 	C:\Program Files\JetBrains\RubyMine 2021.2\jbr\bin\jli.dll
0x00007ffb0a790000 - 0x00007ffb0a7a7000 	C:\Program Files\JetBrains\RubyMine 2021.2\jbr\bin\VCRUNTIME140.dll
0x00007ffb13e20000 - 0x00007ffb13fc1000 	C:\WINDOWS\System32\USER32.dll
0x00007ffb01620000 - 0x00007ffb018ba000 	C:\WINDOWS\WinSxS\amd64_microsoft.windows.common-controls_6595b64144ccf1df_6.0.19041.1110_none_60b5254171f9507e\COMCTL32.dll
0x00007ffb128f0000 - 0x00007ffb12912000 	C:\WINDOWS\System32\win32u.dll
0x00007ffb13bc0000 - 0x00007ffb13beb000 	C:\WINDOWS\System32\GDI32.dll
0x00007ffb13fd0000 - 0x00007ffb1406e000 	C:\WINDOWS\System32\msvcrt.dll
0x00007ffb125f0000 - 0x00007ffb126fb000 	C:\WINDOWS\System32\gdi32full.dll
0x00007ffb12bf0000 - 0x00007ffb12c8d000 	C:\WINDOWS\System32\msvcp_win.dll
0x00007ffb13ce0000 - 0x00007ffb13d10000 	C:\WINDOWS\System32\IMM32.DLL
0x00007ffaf56d0000 - 0x00007ffaf576d000 	C:\Program Files\JetBrains\RubyMine 2021.2\jbr\bin\msvcp140.dll
0x00007ffabecc0000 - 0x00007ffabf80a000 	C:\Program Files\JetBrains\RubyMine 2021.2\jbr\bin\server\jvm.dll
0x00007ffb14480000 - 0x00007ffb1452c000 	C:\WINDOWS\System32\ADVAPI32.dll
0x00007ffb143e0000 - 0x00007ffb1447b000 	C:\WINDOWS\System32\sechost.dll
0x00007ffb14a40000 - 0x00007ffb14b6a000 	C:\WINDOWS\System32\RPCRT4.dll
0x00007ffb14a30000 - 0x00007ffb14a38000 	C:\WINDOWS\System32\PSAPI.DLL
0x00007ffb09670000 - 0x00007ffb0967a000 	C:\WINDOWS\SYSTEM32\VERSION.dll
0x00007ffafccc0000 - 0x00007ffafccc9000 	C:\WINDOWS\SYSTEM32\WSOCK32.dll
0x00007ffb14530000 - 0x00007ffb1459b000 	C:\WINDOWS\System32\WS2_32.dll
0x00007ffb04f60000 - 0x00007ffb04f87000 	C:\WINDOWS\SYSTEM32\WINMM.dll
0x00007ffb10ca0000 - 0x00007ffb10cb2000 	C:\WINDOWS\SYSTEM32\kernel.appcore.dll
0x00007ffb0dd70000 - 0x00007ffb0dd81000 	C:\Program Files\JetBrains\RubyMine 2021.2\jbr\bin\verify.dll
0x00007ffb004c0000 - 0x00007ffb006a4000 	C:\WINDOWS\SYSTEM32\DBGHELP.DLL
0x00007ffb00490000 - 0x00007ffb004bc000 	C:\WINDOWS\SYSTEM32\dbgcore.DLL
0x00007ffb12860000 - 0x00007ffb128e3000 	C:\WINDOWS\System32\bcryptPrimitives.dll
0x00007ffb0dc30000 - 0x00007ffb0dc59000 	C:\Program Files\JetBrains\RubyMine 2021.2\jbr\bin\java.dll
0x00007ffb0dcc0000 - 0x00007ffb0dccb000 	C:\Program Files\JetBrains\RubyMine 2021.2\jbr\bin\jimage.dll
0x00007ffb0dc10000 - 0x00007ffb0dc28000 	C:\Program Files\JetBrains\RubyMine 2021.2\jbr\bin\zip.dll

dbghelp: loaded successfully - version: 4.0.5 - missing functions: none
symbol engine: initialized successfully - sym options: 0x614 - pdb path: .;C:\Program Files\JetBrains\RubyMine 2021.2\jbr\bin;C:\WINDOWS\SYSTEM32;C:\WINDOWS\WinSxS\amd64_microsoft.windows.common-controls_6595b64144ccf1df_6.0.19041.1110_none_60b5254171f9507e;C:\Program Files\JetBrains\RubyMine 2021.2\jbr\bin\server

VM Arguments:
java_command: git4idea.http.GitAskPassApp Username for 'https://github.com': 
java_class_path (initial): C:/Program Files/JetBrains/RubyMine 2021.2/plugins/git4idea/lib/git4idea-rt.jar;C:/Program Files/JetBrains/RubyMine 2021.2/lib/3rd-party.jar
Launcher Type: SUN_STANDARD

[Global flags]
     intx CICompilerCount                          = 3                                         {product} {ergonomic}
     uint ConcGCThreads                            = 1                                         {product} {ergonomic}
     uint G1ConcRefinementThreads                  = 4                                         {product} {ergonomic}
   size_t G1HeapRegionSize                         = 1048576                                   {product} {ergonomic}
    uintx GCDrainStackTargetSize                   = 64                                        {product} {ergonomic}
   size_t InitialHeapSize                          = 268435456                                 {product} {ergonomic}
   size_t MarkStackSize                            = 4194304                                   {product} {ergonomic}
   size_t MaxHeapSize                              = 4263510016                                {product} {ergonomic}
   size_t MinHeapDeltaBytes                        = 1048576                                   {product} {ergonomic}
    uintx NonNMethodCodeHeapSize                   = 5830732                                {pd product} {ergonomic}
    uintx NonProfiledCodeHeapSize                  = 122913754                              {pd product} {ergonomic}
    uintx ProfiledCodeHeapSize                     = 122913754                              {pd product} {ergonomic}
    uintx ReservedCodeCacheSize                    = 251658240                              {pd product} {ergonomic}
     bool SegmentedCodeCache                       = true                                      {product} {ergonomic}
     bool UseCompressedClassPointers               = true                                 {lp64_product} {ergonomic}
     bool UseCompressedOops                        = true                                 {lp64_product} {ergonomic}
     bool UseG1GC                                  = true                                      {product} {ergonomic}
     bool UseLargePagesIndividualAllocation        = false                                  {pd product} {ergonomic}

Logging:
Log output configuration:
 #0: stdout all=warning uptime,level,tags
 #1: stderr all=off uptime,level,tags

Environment Variables:
JAVA_HOME=C:\Program Files\AdoptOpenJDK\jdk-8.0.222.10-hotspot
PATH=C:/Program Files/Git/mingw64/libexec/git-core;C:/Program Files/Git/mingw64/libexec/git-core;C:\Program Files\Git\mingw64\bin;C:\Program Files\Git\usr\bin;C:\Users\MORIZ\bin;C:\Program Files\AdoptOpenJDK\Zulu\bin;C:\Program Files\AdoptOpenJDK\Zulu\bin;C:\WINDOWS\system32;C:\WINDOWS;C:\WINDOWS\System32\Wbem;C:\WINDOWS\System32\WindowsPowerShell\v1.0\;C:\WINDOWS\System32\OpenSSH\;C:\Program Files\nodejs\;C:\Program Files\Git\cmd;C:\ProgramData\chocolatey\bin;C:\Users\MORIZ\AppData\Local\Microsoft\WindowsApps;C:\Users\MORIZ\AppData\Local\GitHubDesktop\bin;C:\Users\MORIZ\AppData\Roaming\npm;C:\Users\MORIZ\AppData\Local\Microsoft\WindowsApps;C:\Program Files\heroku\bin;C:\Users\MORIZ\AppData\Roaming\cabal\bin;C:\tools\ghc-9.0.1\bin;C:\tools\msys64;C:\Program Files\Graphviz\bin
USERNAME=MORIZ
DISPLAY=:0.0
LC_ALL=en_US.UTF-8
OS=Windows_NT
PROCESSOR_IDENTIFIER=Intel64 Family 6 Model 61 Stepping 4, GenuineIntel



---------------  S Y S T E M  ---------------

OS: Windows 10 , 64 bit Build 19041 (10.0.19041.1348)
OS uptime: 0 days 5:25 hours
Hyper-V role detected

CPU:total 4 (initial active 4) (2 cores per cpu, 2 threads per core) family 6 model 61 stepping 4 microcode 0x2e, cmov, cx8, fxsr, mmx, sse, sse2, sse3, ssse3, sse4.1, sse4.2, popcnt, avx, avx2, aes, clmul, erms, rtm, 3dnowpref, lzcnt, ht, tsc, tscinvbit, bmi1, bmi2, adx, fma

Memory: 4k page, system-wide physical 16259M (5587M free)
TotalPageFile size 17283M (AvailPageFile size 71M)
current process WorkingSet (physical memory assigned to process): 10M, peak: 10M
current process commit charge ("private bytes"): 52M, peak: 307M

vm_info: OpenJDK 64-Bit Server VM (11.0.11+9-b1504.13) for windows-amd64 JRE (11.0.11+9-b1504.13), built on Jul 18 2021 03:17:44 by "" with MS VC++ 14.0 (VS2015)

END.
